<?xml version="1.0" encoding="utf-8"?><testsuites name="pytest tests"><testsuite name="pytest" errors="0" failures="0" skipped="0" tests="14" time="5.870" timestamp="2026-04-17T08:54:28.218150+00:00" hostname="agent-env-e9fc4702-12ef-48d3-bb4c-b232f04ed0ba"><testcase classname="backend.tests.test_iteration4_features.TestDisplayIDs" name="test_courses_have_display_id" time="0.491" /><testcase classname="backend.tests.test_iteration4_features.TestDisplayIDs" name="test_students_have_display_id" time="0.381" /><testcase classname="backend.tests.test_iteration4_features.TestDisplayIDs" name="test_faculty_have_display_id" time="0.369" /><testcase classname="backend.tests.test_iteration4_features.TestDisplayIDs" name="test_batches_have_display_id" time="0.379" /><testcase classname="backend.tests.test_iteration4_features.TestDisplayIDs" name="test_new_course_gets_auto_display_id" time="0.436" /><testcase classname="backend.tests.test_iteration4_features.TestExtendedStudentProfile" name="test_student_profile_has_extended_fields" time="0.443" /><testcase classname="backend.tests.test_iteration4_features.TestExtendedStudentProfile" name="test_admin_can_update_student_profile" time="0.477" /><testcase classname="backend.tests.test_iteration4_features.TestRBACFiltering" name="test_admin_sees_all_courses" time="0.371" /><testcase classname="backend.tests.test_iteration4_features.TestRBACFiltering" name="test_admin_sees_all_batches" time="0.382" /><testcase classname="backend.tests.test_iteration4_features.TestCourseDetailFeeVisibility" name="test_admin_sees_fee_in_course_detail" time="0.419" /><testcase classname="backend.tests.test_iteration4_features.TestReceiptIDs" name="test_payments_have_receipt_number" time="0.378" /><testcase classname="backend.tests.test_iteration4_features.TestSettings" name="test_get_settings" time="0.373" /><testcase classname="backend.tests.test_iteration4_features.TestSettings" name="test_update_settings" time="0.483" /><testcase classname="backend.tests.test_iteration4_features.TestFeesCategory" name="test_fees_have_category" time="0.397" /></testsuite></testsuites>