<?xml version="1.0" encoding="utf-8"?><testsuites name="pytest tests"><testsuite name="pytest" errors="0" failures="0" skipped="0" tests="18" time="5.240" timestamp="2026-04-17T07:34:31.761524+00:00" hostname="agent-env-e9fc4702-12ef-48d3-bb4c-b232f04ed0ba"><testcase classname="backend.tests.test_new_features.TestCourseDetail" name="test_get_course_detail" time="0.643" /><testcase classname="backend.tests.test_new_features.TestCourseDetail" name="test_course_detail_not_found" time="0.049" /><testcase classname="backend.tests.test_new_features.TestCourseResources" name="test_add_course_resource" time="0.468" /><testcase classname="backend.tests.test_new_features.TestCourseResources" name="test_delete_course_resource" time="0.048" /><testcase classname="backend.tests.test_new_features.TestBatchDetail" name="test_get_batch_detail" time="0.476" /><testcase classname="backend.tests.test_new_features.TestBatchDetail" name="test_batch_detail_not_found" time="0.055" /><testcase classname="backend.tests.test_new_features.TestUserProfile" name="test_get_student_profile" time="0.423" /><testcase classname="backend.tests.test_new_features.TestUserProfile" name="test_get_faculty_profile" time="0.215" /><testcase classname="backend.tests.test_new_features.TestUserProfile" name="test_update_user_profile" time="0.356" /><testcase classname="backend.tests.test_new_features.TestUserProfile" name="test_profile_not_found" time="0.049" /><testcase classname="backend.tests.test_new_features.TestHolidays" name="test_create_holiday" time="0.367" /><testcase classname="backend.tests.test_new_features.TestHolidays" name="test_list_holidays" time="0.045" /><testcase classname="backend.tests.test_new_features.TestHolidays" name="test_delete_holiday" time="0.049" /><testcase classname="backend.tests.test_new_features.TestFeeCategories" name="test_create_fee_with_category" time="0.486" /><testcase classname="backend.tests.test_new_features.TestFeeCategories" name="test_create_fee_with_installments" time="0.171" /><testcase classname="backend.tests.test_new_features.TestEnhancedDashboard" name="test_enhanced_dashboard" time="0.404" /><testcase classname="backend.tests.test_new_features.TestSettings" name="test_settings_branding" time="0.416" /><testcase classname="backend.tests.test_new_features.TestINRCurrency" name="test_fees_have_inr_amounts" time="0.408" /></testsuite></testsuites>