<?xml version="1.0" encoding="utf-8"?><testsuites name="pytest tests"><testsuite name="pytest" errors="0" failures="1" skipped="0" tests="36" time="7.859" timestamp="2026-04-17T06:36:11.587970+00:00" hostname="agent-env-e9fc4702-12ef-48d3-bb4c-b232f04ed0ba"><testcase classname="backend.tests.test_api.TestHealthAndAuth" name="test_api_reachable" time="0.267" /><testcase classname="backend.tests.test_api.TestHealthAndAuth" name="test_login_success" time="0.350" /><testcase classname="backend.tests.test_api.TestHealthAndAuth" name="test_login_invalid_credentials" time="0.122" /><testcase classname="backend.tests.test_api.TestHealthAndAuth" name="test_register_new_user" time="0.338" /><testcase classname="backend.tests.test_api.TestHealthAndAuth" name="test_register_duplicate_email" time="0.105" /><testcase classname="backend.tests.test_api.TestCoursesCRUD" name="test_create_course" time="0.382" /><testcase classname="backend.tests.test_api.TestCoursesCRUD" name="test_list_courses" time="0.050" /><testcase classname="backend.tests.test_api.TestCoursesCRUD" name="test_get_course" time="0.099" /><testcase classname="backend.tests.test_api.TestCoursesCRUD" name="test_update_course" time="0.051" /><testcase classname="backend.tests.test_api.TestCoursesCRUD" name="test_delete_course" time="0.165" /><testcase classname="backend.tests.test_api.TestUserManagement" name="test_list_users" time="0.370" /><testcase classname="backend.tests.test_api.TestUserManagement" name="test_list_students" time="0.046" /><testcase classname="backend.tests.test_api.TestUserManagement" name="test_list_faculty" time="0.044" /><testcase classname="backend.tests.test_api.TestBatches" name="test_create_batch" time="0.480" /><testcase classname="backend.tests.test_api.TestBatches" name="test_list_batches" time="0.049" /><testcase classname="backend.tests.test_api.TestEnrollments" name="test_create_enrollment" time="0.506" /><testcase classname="backend.tests.test_api.TestEnrollments" name="test_list_enrollments" time="0.048" /><testcase classname="backend.tests.test_api.TestAttendance" name="test_mark_attendance" time="0.491" /><testcase classname="backend.tests.test_api.TestAttendance" name="test_list_attendance" time="0.049" /><testcase classname="backend.tests.test_api.TestAssignments" name="test_create_assignment" time="0.466" /><testcase classname="backend.tests.test_api.TestAssignments" name="test_list_assignments" time="0.048" /><testcase classname="backend.tests.test_api.TestFees" name="test_create_fee" time="0.634" /><testcase classname="backend.tests.test_api.TestFees" name="test_list_fees" time="0.048" /><testcase classname="backend.tests.test_api.TestFees" name="test_create_payment" time="0.058" /><testcase classname="backend.tests.test_api.TestFees" name="test_generate_receipt" time="0.058" /><testcase classname="backend.tests.test_api.TestDashboardAndAnalytics" name="test_dashboard_stats" time="0.761" /><testcase classname="backend.tests.test_api.TestDashboardAndAnalytics" name="test_revenue_analytics" time="0.052" /><testcase classname="backend.tests.test_api.TestDashboardAndAnalytics" name="test_enrollment_analytics" time="0.053" /><testcase classname="backend.tests.test_api.TestDashboardAndAnalytics" name="test_attendance_analytics" time="0.052" /><testcase classname="backend.tests.test_api.TestSettings" name="test_get_settings" time="0.371" /><testcase classname="backend.tests.test_api.TestSettings" name="test_update_settings" time="0.147" /><testcase classname="backend.tests.test_api.TestNotifications" name="test_create_notification" time="0.391" /><testcase classname="backend.tests.test_api.TestNotifications" name="test_list_notifications" time="0.048" /><testcase classname="backend.tests.test_api.TestCSVExport" name="test_export_students" time="0.375"><failure message="assert 500 == 200&#10; +  where 500 = &lt;Response [500]&gt;.status_code">backend/tests/test_api.py:566: in test_export_students
    assert response.status_code == 200
E   assert 500 == 200
E    +  where 500 = &lt;Response [500]&gt;.status_code</failure></testcase><testcase classname="backend.tests.test_api.TestCSVExport" name="test_export_fees" time="0.048" /><testcase classname="backend.tests.test_api.TestMicrosoftAuth" name="test_microsoft_returns_501" time="0.102" /></testsuite></testsuites>